<?xml version="1.0" encoding="UTF-8"?>
<testsuite name="Run on Firefox"
           tests="6"
           failures="0"
           errors="0"
           skipped="0"
           time="8.530">
  <properties />
  
  
            <testcase name="Register_03_Correct_Data" time="1.847" classname="com.nopcommerce.user.Function_01_Register" />
                <testcase name="Register_05_Password_Less_Than_6_Character" time="1.053" classname="com.nopcommerce.user.Function_01_Register" />
                <testcase name="Register_04_Exiting_Email" time="1.289" classname="com.nopcommerce.user.Function_01_Register" />
                <testcase name="Register_06_Confirm_Password_Incorrect" time="1.526" classname="com.nopcommerce.user.Function_01_Register" />
                <testcase name="Register_02_Invalid_Email" time="1.073" classname="com.nopcommerce.user.Function_01_Register" />
                <testcase name="Register_01_Empty_Data" time="1.742" classname="com.nopcommerce.user.Function_01_Register" />
      
</testsuite>
