<?xml version="1.0" encoding="UTF-8"?>
<testsuite name="Run on Firefox"
           tests="4"
           failures="0"
           errors="0"
           skipped="0"
           time="9.479">
  <properties />
  
  
            <testcase name="Sort_02_Sort_By_Name_DESC" time="2.352" classname="com.nopcommerce.user.Function_05_Sort" />
                <testcase name="Sort_01_Sort_By_Name_ASC" time="2.408" classname="com.nopcommerce.user.Function_05_Sort" />
                <testcase name="Sort_04_Sort_By_Price_DESC" time="2.357" classname="com.nopcommerce.user.Function_05_Sort" />
                <testcase name="Sort_03_Sort_By_Price_ASC" time="2.362" classname="com.nopcommerce.user.Function_05_Sort" />
      
</testsuite>
